<?xml version="1.0" encoding="UTF-8"?>
<!-- Generated by org.testng.reporters.JUnitXMLReporter -->
<testsuite ignored="5" hostname="TYSS-Manojkumar" failures="2" tests="2" name="Test123" time="0.183" errors="0" timestamp="2023-12-05T14:48:59 IST">
  <testcase classname="BankProject.Get_data_from_excel" name="Fetch_Required_Data_From_Excel" time="0.074">
    <failure type="java.lang.NullPointerException" message="Cannot invoke &amp;quot;org.openqa.selenium.WebDriver.getTitle()&amp;quot; because &amp;quot;BankProject.Get_data_from_excel.driver&amp;quot; is null">
      <![CDATA[java.lang.NullPointerException: Cannot invoke "org.openqa.selenium.WebDriver.getTitle()" because "BankProject.Get_data_from_excel.driver" is null
at BankProject.Get_data_from_excel.Fetch_Required_Data_From_Excel(Get_data_from_excel.java:28)
at java.base/java.util.ArrayList.forEach(ArrayList.java:1511)
... Removed 27 stack frames]]>
    </failure>
  </testcase> <!-- Fetch_Required_Data_From_Excel -->
  <testcase classname="BankProject.Dropdownhandle" name="DropdownHandle_by_index" time="0.003">
    <failure type="java.lang.NullPointerException" message="Cannot invoke &amp;quot;org.openqa.selenium.WebDriver.getTitle()&amp;quot; because &amp;quot;BankProject.Dropdownhandle.driver&amp;quot; is null">
      <![CDATA[java.lang.NullPointerException: Cannot invoke "org.openqa.selenium.WebDriver.getTitle()" because "BankProject.Dropdownhandle.driver" is null
at BankProject.Dropdownhandle.DropdownHandle_by_index(Dropdownhandle.java:23)
at java.base/java.util.ArrayList.forEach(ArrayList.java:1511)
... Removed 27 stack frames]]>
    </failure>
  </testcase> <!-- DropdownHandle_by_index -->
  <testcase classname="BankProject.TC_FilUpload_003" name="UpLoadFile" time="0.0">
    <ignored/>
  </testcase> <!-- UpLoadFile -->
  <testcase classname="BankProject.TC_Login_001" name="BankApp_Login" time="0.0">
    <ignored/>
  </testcase> <!-- BankApp_Login -->
  <testcase classname="BankProject.Dropdownhandle" name="ScrollIntoView" time="0.0">
    <ignored/>
  </testcase> <!-- ScrollIntoView -->
  <testcase classname="BankProject.Dropdownhandle" name="DropdownHandle_by_text" time="0.0">
    <ignored/>
  </testcase> <!-- DropdownHandle_by_text -->
  <testcase classname="BankProject.Tc_AddNewCustomer_002" name="Add_Cust_details" time="0.0">
    <ignored/>
  </testcase> <!-- Add_Cust_details -->
</testsuite> <!-- Test123 -->
